<?xml version="1.0" encoding="UTF-8" ?>
<testsuite errors="0" skipped="0" tests="1" time="0.062" failures="0" name="org.kohsuke.diyorb.AppTest">
  <properties>
    <property value="Java(TM) 2 Runtime Environment, Standard Edition" name="java.runtime.name"/>
    <property value="C:\Program Files\Java\jre1.5.0_09\bin" name="sun.boot.library.path"/>
    <property value="1.5.0_09-b03" name="java.vm.version"/>
    <property value="Sun Microsystems Inc." name="java.vm.vendor"/>
    <property value="http://java.sun.com/" name="java.vendor.url"/>
    <property value=";" name="path.separator"/>
    <property value="Java HotSpot(TM) Client VM" name="java.vm.name"/>
    <property value="sun.io" name="file.encoding.pkg"/>
    <property value="JP" name="user.country"/>
    <property value="Service Pack 2" name="sun.os.patch.level"/>
    <property value="Java Virtual Machine Specification" name="java.vm.specification.name"/>
    <property value="c:\kohsuke\My Projects\DIYOrb\compiler" name="user.dir"/>
    <property value="1.5.0_09-b03" name="java.runtime.version"/>
    <property value="sun.awt.Win32GraphicsEnvironment" name="java.awt.graphicsenv"/>
    <property value="c:\kohsuke\My Projects\DIYOrb\compiler" name="basedir"/>
    <property value="C:\Program Files\Java\jre1.5.0_09\lib\endorsed" name="java.endorsed.dirs"/>
    <property value="x86" name="os.arch"/>
    <property value="c:\DOCUME~1\kohsuke\LOCALS~1\Temp\" name="java.io.tmpdir"/>
    <property value="
" name="line.separator"/>
    <property value="Sun Microsystems Inc." name="java.vm.specification.vendor"/>
    <property value="" name="user.variant"/>
    <property value="Windows XP" name="os.name"/>
    <property value="MS932" name="sun.jnu.encoding"/>
    <property value="c:\WINDOWS\system32;.;C:\WINDOWS\system32;C:\WINDOWS;c:\kohsuke\unixHome\bin;c:\kohsuke\unixHome\bin2;c:\kohsuke\My Projects\stat\bin;c:\kohsuke\unixHome\bin\os\CYGWIN_NT-5.1-unknown;c:\kohsuke\unixHome\bin\os\CYGWIN_NT-5.1-unknown\zsh\bin;C:\Progra~1\cygwin\usr\local\bin;C:\Progra~1\cygwin\bin;C:\Progra~1\cygwin\usr\dt\bin;C:\Progra~1\cygwin\usr\openwin\bin;C:\Progra~1\cygwin\bin;C:\Progra~1\cygwin\usr\X11R6\bin;c:\development\Java\jvmstat\bin;C:\Progra~1\cygwin\usr\share\zsh\4.1.1\functions;c:\Program Files\tools;c:\development\VisualStudio2005\Common7\IDE;C:\Progra~1\cygwin\usr\X11R6\bin;C:\Progra~1\cygwin\usr\local\bin;C:\Progra~1\cygwin\bin;C:\Progra~1\cygwin\bin;C:\Progra~1\cygwin\usr\sbin;C:\Progra~1\cygwin\sbin;c:\program files\multimedia\imagemagick;c:\WINDOWS\system32;c:\WINDOWS;c:\WINDOWS\System32\Wbem;c:\Program Files\cygwin\bin;c:\Program Files\tools\GraphViz\bin;c:\Program Files\Applications\GhostScript\gs8.14\bin;c:\Program Files\Applications\GhostScript\gs8.14\lib;c:\Program Files\tools;c:\development\Windows\cvsnt;c:\Program Files\Common Files\GTK\2.0\bin;c:\DEVELO~1\VERSIO~1\WINCVS~2\CVSNT;c:\Program Files\Microsoft Command Shell\v1.0\;c:\Program Files\QuickTime\QTSystem\;c:\development\Java\jwsdp-1.4-HCF\jwsdp-shared\bin;c:\development\Java\jwsdp-1.3\jwsdp-shared\bin;c:\development\versioned\svn-win32-1.3.0\bin;C:\Progra~1\cygwin\bin;.;c:\development\Java\JDK\bin;.;c:\development\Java\JProfiler\bin\windows;c:\development\Java\groovy\bin;c:\Program Files\tex\bin;." name="java.library.path"/>
    <property value="Java Platform API Specification" name="java.specification.name"/>
    <property value="49.0" name="java.class.version"/>
    <property value="HotSpot Client Compiler" name="sun.management.compiler"/>
    <property value="5.1" name="os.version"/>
    <property value="C:\Documents and Settings\kohsuke" name="user.home"/>
    <property value="" name="user.timezone"/>
    <property value="sun.awt.windows.WPrinterJob" name="java.awt.printerjob"/>
    <property value="MS932" name="file.encoding"/>
    <property value="1.5" name="java.specification.version"/>
    <property value="kohsuke" name="user.name"/>
    <property value="c:\kohsuke\unixHome\.m2\repository\org\apache\maven\surefire\surefire-api\2.0\surefire-api-2.0.jar;c:\kohsuke\unixHome\.m2\repository\org\codehaus\plexus\plexus-utils\1.1\plexus-utils-1.1.jar;c:\kohsuke\unixHome\.m2\repository\org\apache\maven\surefire\surefire-booter\2.0\surefire-booter-2.0.jar" name="java.class.path"/>
    <property value="1.0" name="java.vm.specification.version"/>
    <property value="32" name="sun.arch.data.model"/>
    <property value="C:\Program Files\Java\jre1.5.0_09" name="java.home"/>
    <property value="Sun Microsystems Inc." name="java.specification.vendor"/>
    <property value="en_US" name="user.language"/>
    <property value="sun.awt.windows.WToolkit" name="awt.toolkit"/>
    <property value="mixed mode, sharing" name="java.vm.info"/>
    <property value="1.5.0_09" name="java.version"/>
    <property value="C:\Program Files\Java\jre1.5.0_09\lib\ext" name="java.ext.dirs"/>
    <property value="C:\Program Files\Java\jre1.5.0_09\lib\rt.jar;C:\Program Files\Java\jre1.5.0_09\lib\i18n.jar;C:\Program Files\Java\jre1.5.0_09\lib\sunrsasign.jar;C:\Program Files\Java\jre1.5.0_09\lib\jsse.jar;C:\Program Files\Java\jre1.5.0_09\lib\jce.jar;C:\Program Files\Java\jre1.5.0_09\lib\charsets.jar;C:\Program Files\Java\jre1.5.0_09\classes" name="sun.boot.class.path"/>
    <property value="Sun Microsystems Inc." name="java.vendor"/>
    <property value="c:\kohsuke\unixHome\.m2\repository" name="localRepository"/>
    <property value="\" name="file.separator"/>
    <property value="http://java.sun.com/cgi-bin/bugreport.cgi" name="java.vendor.url.bug"/>
    <property value="little" name="sun.cpu.endian"/>
    <property value="UnicodeLittle" name="sun.io.unicode.encoding"/>
    <property value="windows" name="sun.desktop"/>
    <property value="" name="sun.cpu.isalist"/>
  </properties>
  <testcase time="0" name="testApp"/>
</testsuite>